2020-09-24 00:15:38.424 febs [asyncTaskExecutor-1] ERROR c.m.febs.common.utils.AddressUtil - 获取地址信息异常：{}
java.lang.NullPointerException: null
	at org.apache.commons.io.IOUtils.copyLarge(IOUtils.java:2314)
	at org.apache.commons.io.IOUtils.copy(IOUtils.java:2270)
	at org.apache.commons.io.IOUtils.copyLarge(IOUtils.java:2291)
	at org.apache.commons.io.IOUtils.copy(IOUtils.java:2246)
	at org.apache.commons.io.FileUtils.copyToFile(FileUtils.java:1530)
	at org.apache.commons.io.FileUtils.copyInputStreamToFile(FileUtils.java:1506)
	at cc.mrbird.febs.common.utils.AddressUtil.getCityInfo(AddressUtil.java:27)
	at cc.mrbird.febs.system.service.impl.LogServiceImpl.saveLog(LogServiceImpl.java:96)
	at cc.mrbird.febs.system.service.impl.LogServiceImpl$$FastClassBySpringCGLIB$$c3c360e3.invoke(<generated>)
	at org.springframework.cglib.proxy.MethodProxy.invoke(MethodProxy.java:218)
	at org.springframework.aop.framework.CglibAopProxy$CglibMethodInvocation.invokeJoinpoint(CglibAopProxy.java:746)
	at org.springframework.aop.framework.ReflectiveMethodInvocation.proceed(ReflectiveMethodInvocation.java:163)
	at org.springframework.transaction.interceptor.TransactionAspectSupport.invokeWithinTransaction(TransactionAspectSupport.java:294)
	at org.springframework.transaction.interceptor.TransactionInterceptor.invoke(TransactionInterceptor.java:98)
	at org.springframework.aop.framework.ReflectiveMethodInvocation.proceed(ReflectiveMethodInvocation.java:186)
	at org.springframework.aop.interceptor.AsyncExecutionInterceptor.lambda$invoke$0(AsyncExecutionInterceptor.java:115)
	at java.util.concurrent.FutureTask.run(FutureTask.java:266)
	at java.util.concurrent.ThreadPoolExecutor.runWorker(ThreadPoolExecutor.java:1149)
	at java.util.concurrent.ThreadPoolExecutor$Worker.run(ThreadPoolExecutor.java:624)
	at java.lang.Thread.run(Thread.java:748)
